<?xml version="1.0" encoding="UTF-8"?>
<coverage generated="1679502350056" clover="3.2.0">
  <project timestamp="1679502350056" name="All files">
    <metrics statements="14" coveredstatements="9" conditionals="2" coveredconditionals="2" methods="9" coveredmethods="5" elements="25" coveredelements="16" complexity="0" loc="14" ncloc="14" packages="2" files="5" classes="5"/>
    <package name="src">
      <metrics statements="11" coveredstatements="6" conditionals="2" coveredconditionals="2" methods="6" coveredmethods="2"/>
      <file name="App.tsx" path="D:\rs_school\Vite-react-tc\vite-project\src\App.tsx">
        <metrics statements="4" coveredstatements="0" conditionals="0" coveredconditionals="0" methods="3" coveredmethods="0"/>
        <line num="10" count="0" type="stmt"/>
        <line num="11" count="0" type="stmt"/>
        <line num="12" count="0" type="stmt"/>
        <line num="28" count="0" type="stmt"/>
      </file>
      <file name="searchBar.tsx" path="D:\rs_school\Vite-react-tc\vite-project\src\searchBar.tsx">
        <metrics statements="7" coveredstatements="6" conditionals="2" coveredconditionals="2" methods="3" coveredmethods="2"/>
        <line num="4" count="2" type="stmt"/>
        <line num="7" count="2" type="stmt"/>
        <line num="8" count="0" type="stmt"/>
        <line num="12" count="2" type="stmt"/>
        <line num="13" count="2" type="stmt"/>
        <line num="14" count="2" type="stmt"/>
        <line num="17" count="2" type="stmt"/>
      </file>
    </package>
    <package name="src.componets.pages">
      <metrics statements="3" coveredstatements="3" conditionals="0" coveredconditionals="0" methods="3" coveredmethods="3"/>
      <file name="about.tsx" path="D:\rs_school\Vite-react-tc\vite-project\src\componets\pages\about.tsx">
        <metrics statements="1" coveredstatements="1" conditionals="0" coveredconditionals="0" methods="1" coveredmethods="1"/>
        <line num="2" count="1" type="stmt"/>
      </file>
      <file name="page404.tsx" path="D:\rs_school\Vite-react-tc\vite-project\src\componets\pages\page404.tsx">
        <metrics statements="1" coveredstatements="1" conditionals="0" coveredconditionals="0" methods="1" coveredmethods="1"/>
        <line num="4" count="1" type="stmt"/>
      </file>
      <file name="shop.tsx" path="D:\rs_school\Vite-react-tc\vite-project\src\componets\pages\shop.tsx">
        <metrics statements="1" coveredstatements="1" conditionals="0" coveredconditionals="0" methods="1" coveredmethods="1"/>
        <line num="4" count="2" type="stmt"/>
      </file>
    </package>
  </project>
</coverage>
