{"D:\\rs_school\\Vite-react-tc\\vite-project\\src\\App.tsx": {"path":"D:\\rs_school\\Vite-react-tc\\vite-project\\src\\App.tsx","statementMap":{"0":{"start":{"line":9,"column":28},"end":{"line":9,"column":39}},"1":{"start":{"line":10,"column":2},"end":{"line":28,"column":3}},"2":{"start":{"line":23,"column":29},"end":{"line":23,"column":59}},"3":{"start":{"line":23,"column":49},"end":{"line":23,"column":58}}},"fnMap":{"0":{"name":"App","decl":{"start":{"line":8,"column":9},"end":{"line":8,"column":12}},"loc":{"start":{"line":8,"column":15},"end":{"line":29,"column":1}},"line":8},"1":{"name":"(anonymous_1)","decl":{"start":{"line":23,"column":23},"end":{"line":23,"column":24}},"loc":{"start":{"line":23,"column":29},"end":{"line":23,"column":59}},"line":23},"2":{"name":"(anonymous_2)","decl":{"start":{"line":23,"column":38},"end":{"line":23,"column":39}},"loc":{"start":{"line":23,"column":49},"end":{"line":23,"column":58}},"line":23}},"branchMap":{},"s":{"0":0,"1":0,"2":0,"3":0},"f":{"0":0,"1":0,"2":0},"b":{}}
,"D:\\rs_school\\Vite-react-tc\\vite-project\\src\\main.tsx": {"path":"D:\\rs_school\\Vite-react-tc\\vite-project\\src\\main.tsx","statementMap":{"0":{"start":{"line":7,"column":0},"end":{"line":11,"column":1}}},"fnMap":{},"branchMap":{},"s":{"0":0},"f":{},"b":{}}
,"D:\\rs_school\\Vite-react-tc\\vite-project\\src\\componets\\404.tsx": {"path":"D:\\rs_school\\Vite-react-tc\\vite-project\\src\\componets\\404.tsx","statementMap":{"0":{"start":{"line":4,"column":0},"end":{"line":9,"column":1}}},"fnMap":{"0":{"name":"Errorpage","decl":{"start":{"line":3,"column":9},"end":{"line":3,"column":18}},"loc":{"start":{"line":3,"column":21},"end":{"line":10,"column":1}},"line":3}},"branchMap":{},"s":{"0":1},"f":{"0":1},"b":{},"_coverageSchema":"1a1c01bbd47fc00a2c39e90264f33305004495a9","hash":"3ce0e089322d4b9124515736c3678d15a907bd83"}
,"D:\\rs_school\\Vite-react-tc\\vite-project\\src\\componets\\about.tsx": {"path":"D:\\rs_school\\Vite-react-tc\\vite-project\\src\\componets\\about.tsx","statementMap":{"0":{"start":{"line":2,"column":2},"end":{"line":19,"column":3}}},"fnMap":{"0":{"name":"About","decl":{"start":{"line":1,"column":9},"end":{"line":1,"column":14}},"loc":{"start":{"line":1,"column":17},"end":{"line":20,"column":1}},"line":1}},"branchMap":{},"s":{"0":1},"f":{"0":1},"b":{},"_coverageSchema":"1a1c01bbd47fc00a2c39e90264f33305004495a9","hash":"41c0537b5dbd1430e3bab1e413f3e21e076d1748"}
,"D:\\rs_school\\Vite-react-tc\\vite-project\\src\\componets\\shop.tsx": {"path":"D:\\rs_school\\Vite-react-tc\\vite-project\\src\\componets\\shop.tsx","statementMap":{"0":{"start":{"line":2,"column":2},"end":{"line":26,"column":4}}},"fnMap":{"0":{"name":"Atmshop","decl":{"start":{"line":1,"column":9},"end":{"line":1,"column":16}},"loc":{"start":{"line":1,"column":19},"end":{"line":27,"column":1}},"line":1}},"branchMap":{},"s":{"0":3},"f":{"0":3},"b":{},"_coverageSchema":"1a1c01bbd47fc00a2c39e90264f33305004495a9","hash":"ec1b9c76af81238bddf2acd7909b20d0a354436b"}
}
