{"D:\\rs_school\\Vite-react-tc\\vite-project\\src\\App.tsx": {"path":"D:\\rs_school\\Vite-react-tc\\vite-project\\src\\App.tsx","statementMap":{"0":{"start":{"line":10,"column":28},"end":{"line":10,"column":39}},"1":{"start":{"line":11,"column":28},"end":{"line":11,"column":42}},"2":{"start":{"line":12,"column":2},"end":{"line":33,"column":3}},"3":{"start":{"line":28,"column":29},"end":{"line":28,"column":59}},"4":{"start":{"line":28,"column":49},"end":{"line":28,"column":58}}},"fnMap":{"0":{"name":"App","decl":{"start":{"line":9,"column":9},"end":{"line":9,"column":12}},"loc":{"start":{"line":9,"column":15},"end":{"line":34,"column":1}},"line":9},"1":{"name":"(anonymous_1)","decl":{"start":{"line":28,"column":23},"end":{"line":28,"column":24}},"loc":{"start":{"line":28,"column":29},"end":{"line":28,"column":59}},"line":28},"2":{"name":"(anonymous_2)","decl":{"start":{"line":28,"column":38},"end":{"line":28,"column":39}},"loc":{"start":{"line":28,"column":49},"end":{"line":28,"column":58}},"line":28}},"branchMap":{},"s":{"0":0,"1":0,"2":0,"3":0,"4":0},"f":{"0":0,"1":0,"2":0},"b":{}}
,"D:\\rs_school\\Vite-react-tc\\vite-project\\src\\searchBar.tsx": {"path":"D:\\rs_school\\Vite-react-tc\\vite-project\\src\\searchBar.tsx","statementMap":{"0":{"start":{"line":4,"column":12},"end":{"line":6,"column":5}},"1":{"start":{"line":7,"column":19},"end":{"line":11,"column":5}},"2":{"start":{"line":8,"column":8},"end":{"line":10,"column":11}},"3":{"start":{"line":12,"column":27},"end":{"line":15,"column":5}},"4":{"start":{"line":13,"column":8},"end":{"line":13,"column":66}},"5":{"start":{"line":14,"column":8},"end":{"line":14,"column":29}},"6":{"start":{"line":17,"column":8},"end":{"line":25,"column":9}}},"fnMap":{"0":{"name":"(anonymous_0)","decl":{"start":{"line":7,"column":19},"end":{"line":7,"column":20}},"loc":{"start":{"line":7,"column":63},"end":{"line":11,"column":5}},"line":7},"1":{"name":"(anonymous_1)","decl":{"start":{"line":12,"column":27},"end":{"line":12,"column":28}},"loc":{"start":{"line":12,"column":33},"end":{"line":15,"column":5}},"line":12},"2":{"name":"(anonymous_2)","decl":{"start":{"line":16,"column":4},"end":{"line":16,"column":5}},"loc":{"start":{"line":16,"column":13},"end":{"line":26,"column":5}},"line":16}},"branchMap":{"0":{"loc":{"start":{"line":5,"column":20},"end":{"line":5,"column":60}},"type":"binary-expr","locations":[{"start":{"line":5,"column":20},"end":{"line":5,"column":54}},{"start":{"line":5,"column":58},"end":{"line":5,"column":60}}],"line":5}},"s":{"0":2,"1":2,"2":0,"3":2,"4":2,"5":2,"6":2},"f":{"0":0,"1":2,"2":2},"b":{"0":[2,2]},"_coverageSchema":"1a1c01bbd47fc00a2c39e90264f33305004495a9","hash":"cfca517c3911ee2a0172a4a6ff912c1a8bc1f7b5"}
,"D:\\rs_school\\Vite-react-tc\\vite-project\\src\\componets\\pages\\about.tsx": {"path":"D:\\rs_school\\Vite-react-tc\\vite-project\\src\\componets\\pages\\about.tsx","statementMap":{"0":{"start":{"line":2,"column":2},"end":{"line":19,"column":3}}},"fnMap":{"0":{"name":"About","decl":{"start":{"line":1,"column":9},"end":{"line":1,"column":14}},"loc":{"start":{"line":1,"column":17},"end":{"line":20,"column":1}},"line":1}},"branchMap":{},"s":{"0":1},"f":{"0":1},"b":{},"_coverageSchema":"1a1c01bbd47fc00a2c39e90264f33305004495a9","hash":"d85cdfdc9bee7c936e7f2a2aa97bc66d6838c532"}
,"D:\\rs_school\\Vite-react-tc\\vite-project\\src\\componets\\pages\\page404.tsx": {"path":"D:\\rs_school\\Vite-react-tc\\vite-project\\src\\componets\\pages\\page404.tsx","statementMap":{"0":{"start":{"line":4,"column":0},"end":{"line":9,"column":1}}},"fnMap":{"0":{"name":"Errorpage","decl":{"start":{"line":3,"column":9},"end":{"line":3,"column":18}},"loc":{"start":{"line":3,"column":21},"end":{"line":10,"column":1}},"line":3}},"branchMap":{},"s":{"0":1},"f":{"0":1},"b":{},"_coverageSchema":"1a1c01bbd47fc00a2c39e90264f33305004495a9","hash":"9b9d975db30ed35f42c00841b003f237522ac5c0"}
,"D:\\rs_school\\Vite-react-tc\\vite-project\\src\\componets\\pages\\shop.tsx": {"path":"D:\\rs_school\\Vite-react-tc\\vite-project\\src\\componets\\pages\\shop.tsx","statementMap":{"0":{"start":{"line":4,"column":2},"end":{"line":32,"column":4}}},"fnMap":{"0":{"name":"Atmshop","decl":{"start":{"line":3,"column":9},"end":{"line":3,"column":16}},"loc":{"start":{"line":3,"column":19},"end":{"line":33,"column":1}},"line":3}},"branchMap":{},"s":{"0":2},"f":{"0":2},"b":{},"_coverageSchema":"1a1c01bbd47fc00a2c39e90264f33305004495a9","hash":"f95cdb6e8572f73555877025ece3f678d561ba19"}
}
