TN:
SF:src\App.tsx
FN:8,App
FN:23,(anonymous_1)
FN:23,(anonymous_2)
FNF:3
FNH:0
FNDA:0,App
FNDA:0,(anonymous_1)
FNDA:0,(anonymous_2)
DA:9,0
DA:10,0
DA:23,0
LF:3
LH:0
BRF:0
BRH:0
end_of_record
TN:
SF:src\main.tsx
FNF:0
FNH:0
DA:7,0
LF:1
LH:0
BRF:0
BRH:0
end_of_record
TN:
SF:src\componets\404.tsx
FN:3,Errorpage
FNF:1
FNH:1
FNDA:1,Errorpage
DA:4,1
LF:1
LH:1
BRF:0
BRH:0
end_of_record
TN:
SF:src\componets\about.tsx
FN:1,About
FNF:1
FNH:1
FNDA:1,About
DA:2,1
LF:1
LH:1
BRF:0
BRH:0
end_of_record
TN:
SF:src\componets\shop.tsx
FN:1,Atmshop
FNF:1
FNH:1
FNDA:3,Atmshop
DA:2,3
LF:1
LH:1
BRF:0
BRH:0
end_of_record
