TN:
SF:src\App.tsx
FN:9,App
FN:28,(anonymous_1)
FN:28,(anonymous_2)
FNF:3
FNH:0
FNDA:0,App
FNDA:0,(anonymous_1)
FNDA:0,(anonymous_2)
DA:10,0
DA:11,0
DA:12,0
DA:28,0
LF:4
LH:0
BRF:0
BRH:0
end_of_record
TN:
SF:src\searchBar.tsx
FN:7,(anonymous_0)
FN:12,(anonymous_1)
FN:16,(anonymous_2)
FNF:3
FNH:2
FNDA:0,(anonymous_0)
FNDA:2,(anonymous_1)
FNDA:2,(anonymous_2)
DA:4,2
DA:7,2
DA:8,0
DA:12,2
DA:13,2
DA:14,2
DA:17,2
LF:7
LH:6
BRDA:5,0,0,2
BRDA:5,0,1,2
BRF:2
BRH:2
end_of_record
TN:
SF:src\componets\pages\about.tsx
FN:1,About
FNF:1
FNH:1
FNDA:1,About
DA:2,1
LF:1
LH:1
BRF:0
BRH:0
end_of_record
TN:
SF:src\componets\pages\page404.tsx
FN:3,Errorpage
FNF:1
FNH:1
FNDA:1,Errorpage
DA:4,1
LF:1
LH:1
BRF:0
BRH:0
end_of_record
TN:
SF:src\componets\pages\shop.tsx
FN:3,Atmshop
FNF:1
FNH:1
FNDA:2,Atmshop
DA:4,2
LF:1
LH:1
BRF:0
BRH:0
end_of_record
